{
  "stats": {
    "suites": 1,
    "tests": 1,
    "passes": 0,
    "pending": 0,
    "failures": 1,
    "start": "2025-09-13T16:59:26.932Z",
    "end": "2025-09-13T17:00:27.448Z",
    "duration": 60516,
    "testsRegistered": 1,
    "passPercent": 0,
    "pendingPercent": 0,
    "other": 0,
    "hasOther": false,
    "skipped": 0,
    "hasSkipped": false
  },
  "results": [
    {
      "uuid": "8db9f225-210c-4dfe-8d0c-dd7e1081700f",
      "title": "",
      "fullFile": "cypress\\e2e\\tests\\addToCartTest.cy.js",
      "file": "cypress\\e2e\\tests\\addToCartTest.cy.js",
      "beforeHooks": [],
      "afterHooks": [],
      "tests": [],
      "suites": [
        {
          "uuid": "9fd3f6d5-73f3-4c47-b117-9c100ee43f1b",
          "title": " test automation",
          "fullFile": "",
          "file": "",
          "beforeHooks": [],
          "afterHooks": [],
          "tests": [
            {
              "title": "Add To Cart flow",
              "fullTitle": " test automation Add To Cart flow",
              "timedOut": null,
              "duration": 60350,
              "state": "failed",
              "speed": null,
              "pass": false,
              "fail": true,
              "pending": false,
              "context": "[\n  {\n    \"title\": \"cypress-mochawesome-reporter-videos-failed\",\n    \"value\": \"cypress\\\\e2e\\\\tests\\\\addToCartTest.cy.js\"\n  },\n  {\n    \"title\": \"cypress-mochawesome-reporter-screenshots\",\n    \"value\": [\n      [\n        \"\\\\addToCartTest.cy.js\\\\ test automation -- Add To Cart flow -- before all hook (failed).png\"\n      ]\n    ]\n  }\n]",
              "code": "homePageObj.searchProduct(_testData.default.product.productName);\nhomePageObj.addToCart();\nhomePageObj.verifySucessMessage().should('contain', _testData.default.message.successMessage).and('contain', _testData.default.product.productName);",
              "err": {
                "message": "CypressError: Timed out after waiting `60000ms` for your remote page to load.\n\nYour page did not fire its `load` event within `60000ms`.\n\nYou can try increasing the `pageLoadTimeout` value in `Users\\Muhammad Usama\\Desktop\\CYPRESS-E2E\\cypress.config.js` to wait longer.\n\nBrowsers will not fire the `load` event until all stylesheets and scripts are done downloading.\n\nWhen this `load` event occurs, Cypress will continue running commands.\n\nBecause this error occurred during a `before all` hook we are skipping the remaining tests in the current suite: ` test automation`",
                "estack": "CypressError: Timed out after waiting `60000ms` for your remote page to load.\n\nYour page did not fire its `load` event within `60000ms`.\n\nYou can try increasing the `pageLoadTimeout` value in `Users\\Muhammad Usama\\Desktop\\CYPRESS-E2E\\cypress.config.js` to wait longer.\n\nBrowsers will not fire the `load` event until all stylesheets and scripts are done downloading.\n\nWhen this `load` event occurs, Cypress will continue running commands.\n\nBecause this error occurred during a `before all` hook we are skipping the remaining tests in the current suite: ` test automation`\n    at timedOutWaitingForPageLoad (http://localhost:55284/__cypress/runner/cypress_runner.js:133999:64)\n    at <unknown> (http://localhost:55284/__cypress/runner/cypress_runner.js:135015:16)\n    at tryCatcher (http://localhost:55284/__cypress/runner/cypress_runner.js:1777:23)\n    at <unknown> (http://localhost:55284/__cypress/runner/cypress_runner.js:4156:41)\n    at tryCatcher (http://localhost:55284/__cypress/runner/cypress_runner.js:1777:23)\n    at Promise._settlePromiseFromHandler (http://localhost:55284/__cypress/runner/cypress_runner.js:1489:31)\n    at Promise._settlePromise (http://localhost:55284/__cypress/runner/cypress_runner.js:1546:18)\n    at Promise._settlePromise0 (http://localhost:55284/__cypress/runner/cypress_runner.js:1591:10)\n    at Promise._settlePromises (http://localhost:55284/__cypress/runner/cypress_runner.js:1667:18)\n    at _drainQueueStep (http://localhost:55284/__cypress/runner/cypress_runner.js:2377:12)\n    at _drainQueue (http://localhost:55284/__cypress/runner/cypress_runner.js:2370:9)\n    at Async._drainQueues (http://localhost:55284/__cypress/runner/cypress_runner.js:2386:5)\n    at Async.drainQueues (http://localhost:55284/__cypress/runner/cypress_runner.js:2256:14)\nFrom Your Spec Code:\n    at Context.eval (webpack://cypress-e2e/./cypress/support/commands.js:29:7)\n    at wrapped (http://localhost:55284/__cypress/runner/cypress_runner.js:141525:43)",
                "diff": null
              },
              "uuid": "d7ca33e8-719a-4fd9-b3b1-cc05345f5870",
              "parentUUID": "9fd3f6d5-73f3-4c47-b117-9c100ee43f1b",
              "isHook": false,
              "skipped": false
            }
          ],
          "suites": [],
          "passes": [],
          "failures": [
            "d7ca33e8-719a-4fd9-b3b1-cc05345f5870"
          ],
          "pending": [],
          "skipped": [],
          "duration": 60350,
          "root": false,
          "rootEmpty": false,
          "_timeout": 2000
        }
      ],
      "passes": [],
      "failures": [],
      "pending": [],
      "skipped": [],
      "duration": 0,
      "root": true,
      "rootEmpty": true,
      "_timeout": 2000
    }
  ],
  "meta": {
    "mocha": {
      "version": "7.2.0"
    },
    "mochawesome": {
      "options": {
        "quiet": false,
        "reportFilename": "my_custom_report",
        "saveHtml": false,
        "saveJson": true,
        "consoleReporter": "spec",
        "useInlineDiffs": false,
        "code": true
      },
      "version": "7.1.3"
    },
    "marge": {
      "options": {
        "reportDir": "cypress\\reports\\.jsons",
        "charts": true,
        "reportPageTitle": "My Test Suite",
        "embeddedScreenshots": true,
        "inlineAssets": true,
        "overwrite": false,
        "html": false,
        "json": true,
        "timestamp": "mmddyyyy_HHMMss",
        "quiet": false,
        "reportFilename": "my_custom_report",
        "saveAllAttempts": true
      },
      "version": "6.2.0"
    }
  }
}